<?xml version='1.0' encoding='UTF-8'?>
<testsuite hostname="Lachezars-MacBook-Pro.local" name="problem2.PromotionsSpec" tests="4" errors="0" failures="0" skipped="0" time="0.026" timestamp="2024-06-18T17:50:36">
          <properties>
[...]
</properties>
          <testcase classname="problem2.PromotionsSpec" name="SampleDataProb2 should not contain null values in its sequence" time="0.01">
                      
                    </testcase><testcase classname="problem2.PromotionsSpec" name="allCombinablePromotions1 should give all combinable promotions" time="0.013">
                      
                    </testcase><testcase classname="problem2.PromotionsSpec" name="allCombinablePromotions2 should handle the case with no conflicts" time="0.001">
                      
                    </testcase><testcase classname="problem2.PromotionsSpec" name="combinablePromotions3 should handle promotions with one that excludes all other promotions" time="0.002">
                      
                    </testcase>
          <system-out><![CDATA[]]></system-out>
          <system-err><![CDATA[]]></system-err>
        </testsuite>